
*** Running vivado
    with args -log joystick_adc.vds -m64 -product Vivado -mode batch -messageDb vivado.pb -notrace -source joystick_adc.tcl


****** Vivado v2024.2 (64-bit)
  **** SW Build 5239630 on Fri Nov 08 22:34:34 MST 2024
  **** IP Build 5239520 on Sun Nov 10 16:12:51 MST 2024
  **** SharedData Build 5239561 on Fri Nov 08 14:39:27 MST 2024
  **** Start of session at: Sat Dec 21 14:07:57 2024
    ** Copyright 1986-2022 Xilinx, Inc. All Rights Reserved.
    ** Copyright 2022-2024 Advanced Micro Devices, Inc. All Rights Reserved.

source joystick_adc.tcl -notrace
INFO: [IP_Flow 19-6924] IPCACHE: Running cache check for IP inst: joystick_adc
Command: synth_design -top joystick_adc -part xc7a35tcpg236-1 -incremental_mode off -mode out_of_context
Starting synth_design
Attempting to get a license for feature 'Synthesis' and/or device 'xc7a35t'
INFO: [Common 17-349] Got license for feature 'Synthesis' and/or device 'xc7a35t'
INFO: [Device 21-403] Loading part xc7a35tcpg236-1
INFO: [Synth 8-7079] Multithreading enabled for synth_design using a maximum of 7 processes.
INFO: [Synth 8-7078] Launching helper process for spawning children vivado processes
INFO: [Synth 8-7075] Helper process launched with PID 649392
---------------------------------------------------------------------------------
Starting RTL Elaboration : Time (s): cpu = 00:00:06 ; elapsed = 00:00:08 . Memory (MB): peak = 1897.371 ; gain = 420.797 ; free physical = 97 ; free virtual = 2926
---------------------------------------------------------------------------------
INFO: [Synth 8-6157] synthesizing module 'joystick_adc' [/home/b83c/fpga/vga/ips/joystick_adc/joystick_adc.v:50]
INFO: [Synth 8-6157] synthesizing module 'XADC' [/home/b83c/tools/Xilinx/Vivado/2024.2/scripts/rt/data/unisim_comp.v:154822]
	Parameter INIT_40 bound to: 16'b0000000000000000 
	Parameter INIT_41 bound to: 16'b0100000100000001 
	Parameter INIT_42 bound to: 16'b0000001000000000 
	Parameter INIT_48 bound to: 16'b0000100000000000 
	Parameter INIT_49 bound to: 16'b0000000001000000 
	Parameter INIT_4A bound to: 16'b0000000000000000 
	Parameter INIT_4B bound to: 16'b0000000000000000 
	Parameter INIT_4C bound to: 16'b0000000000000000 
	Parameter INIT_4D bound to: 16'b0000000000000000 
	Parameter INIT_4E bound to: 16'b0000000000000000 
	Parameter INIT_4F bound to: 16'b0000000000000000 
	Parameter INIT_50 bound to: 16'b1011010111101101 
	Parameter INIT_51 bound to: 16'b0101011111100100 
	Parameter INIT_52 bound to: 16'b1010000101000111 
	Parameter INIT_53 bound to: 16'b1100101000110011 
	Parameter INIT_54 bound to: 16'b1010100100111010 
	Parameter INIT_55 bound to: 16'b0101001011000110 
	Parameter INIT_56 bound to: 16'b1001010101010101 
	Parameter INIT_57 bound to: 16'b1010111001001110 
	Parameter INIT_58 bound to: 16'b0101100110011001 
	Parameter INIT_5C bound to: 16'b0101000100010001 
	Parameter SIM_DEVICE bound to: 7SERIES - type: string 
	Parameter SIM_MONITOR_FILE bound to: design.txt - type: string 
INFO: [Synth 8-6155] done synthesizing module 'XADC' (0#1) [/home/b83c/tools/Xilinx/Vivado/2024.2/scripts/rt/data/unisim_comp.v:154822]
INFO: [Synth 8-6155] done synthesizing module 'joystick_adc' (0#1) [/home/b83c/fpga/vga/ips/joystick_adc/joystick_adc.v:50]
---------------------------------------------------------------------------------
Finished RTL Elaboration : Time (s): cpu = 00:00:07 ; elapsed = 00:00:10 . Memory (MB): peak = 1972.309 ; gain = 495.734 ; free physical = 101 ; free virtual = 2770
---------------------------------------------------------------------------------
---------------------------------------------------------------------------------
Start Handling Custom Attributes
---------------------------------------------------------------------------------
---------------------------------------------------------------------------------
Finished Handling Custom Attributes : Time (s): cpu = 00:00:07 ; elapsed = 00:00:10 . Memory (MB): peak = 1990.121 ; gain = 513.547 ; free physical = 100 ; free virtual = 2756
---------------------------------------------------------------------------------
---------------------------------------------------------------------------------
Finished RTL Optimization Phase 1 : Time (s): cpu = 00:00:07 ; elapsed = 00:00:10 . Memory (MB): peak = 1990.121 ; gain = 513.547 ; free physical = 99 ; free virtual = 2756
---------------------------------------------------------------------------------
Netlist sorting complete. Time (s): cpu = 00:00:00 ; elapsed = 00:00:00 . Memory (MB): peak = 1996.059 ; gain = 0.000 ; free physical = 212 ; free virtual = 2756
INFO: [Netlist 29-17] Analyzing 1 Unisim elements for replacement
INFO: [Netlist 29-28] Unisim Transformation completed in 0 CPU seconds
INFO: [Project 1-570] Preparing netlist for logic optimization

Processing XDC Constraints
Initializing timing engine
Parsing XDC File [/home/b83c/fpga/vga/ips/joystick_adc/joystick_adc_ooc.xdc] for cell 'inst'
Finished Parsing XDC File [/home/b83c/fpga/vga/ips/joystick_adc/joystick_adc_ooc.xdc] for cell 'inst'
Parsing XDC File [/home/b83c/fpga/vga/ips/joystick_adc/joystick_adc.xdc] for cell 'inst'
Finished Parsing XDC File [/home/b83c/fpga/vga/ips/joystick_adc/joystick_adc.xdc] for cell 'inst'
Parsing XDC File [/home/b83c/fpga/vga/ips/managed_ip_project/managed_ip_project.runs/joystick_adc_synth_1/dont_touch.xdc]
Finished Parsing XDC File [/home/b83c/fpga/vga/ips/managed_ip_project/managed_ip_project.runs/joystick_adc_synth_1/dont_touch.xdc]
Completed Processing XDC Constraints

Netlist sorting complete. Time (s): cpu = 00:00:00 ; elapsed = 00:00:00 . Memory (MB): peak = 2127.090 ; gain = 0.000 ; free physical = 113 ; free virtual = 2511
INFO: [Project 1-111] Unisim Transformation Summary:
No Unisim elements were transformed.

Constraint Validation Runtime : Time (s): cpu = 00:00:00.01 ; elapsed = 00:00:00.02 . Memory (MB): peak = 2127.090 ; gain = 0.000 ; free physical = 129 ; free virtual = 2510
INFO: [Designutils 20-5008] Incremental synthesis strategy off
---------------------------------------------------------------------------------
Finished Constraint Validation : Time (s): cpu = 00:00:15 ; elapsed = 00:00:51 . Memory (MB): peak = 2127.090 ; gain = 650.516 ; free physical = 73 ; free virtual = 2397
---------------------------------------------------------------------------------
---------------------------------------------------------------------------------
Start Loading Part and Timing Information
---------------------------------------------------------------------------------
Loading part: xc7a35tcpg236-1
---------------------------------------------------------------------------------
Finished Loading Part and Timing Information : Time (s): cpu = 00:00:15 ; elapsed = 00:00:51 . Memory (MB): peak = 2135.094 ; gain = 658.520 ; free physical = 67 ; free virtual = 2392
---------------------------------------------------------------------------------
---------------------------------------------------------------------------------
Start Applying 'set_property' XDC Constraints
---------------------------------------------------------------------------------
Applied set_property KEEP_HIERARCHY = SOFT for inst. (constraint file  /home/b83c/fpga/vga/ips/managed_ip_project/managed_ip_project.runs/joystick_adc_synth_1/dont_touch.xdc, line 9).
---------------------------------------------------------------------------------
Finished applying 'set_property' XDC Constraints : Time (s): cpu = 00:00:15 ; elapsed = 00:00:51 . Memory (MB): peak = 2135.094 ; gain = 658.520 ; free physical = 66 ; free virtual = 2385
---------------------------------------------------------------------------------
---------------------------------------------------------------------------------
Finished RTL Optimization Phase 2 : Time (s): cpu = 00:00:16 ; elapsed = 00:01:00 . Memory (MB): peak = 2135.094 ; gain = 658.520 ; free physical = 545 ; free virtual = 5270
---------------------------------------------------------------------------------
---------------------------------------------------------------------------------
Start RTL Component Statistics 
---------------------------------------------------------------------------------
Detailed RTL Component Info : 
---------------------------------------------------------------------------------
Finished RTL Component Statistics 
---------------------------------------------------------------------------------
---------------------------------------------------------------------------------
Start Part Resource Summary
---------------------------------------------------------------------------------
Part Resources:
DSPs: 90 (col length:60)
BRAMs: 100 (col length: RAMB18 60 RAMB36 30)
---------------------------------------------------------------------------------
Finished Part Resource Summary
---------------------------------------------------------------------------------
---------------------------------------------------------------------------------
Start Cross Boundary and Area Optimization
---------------------------------------------------------------------------------
WARNING: [Synth 8-7080] Parallel synthesis criteria is not met
---------------------------------------------------------------------------------
Finished Cross Boundary and Area Optimization : Time (s): cpu = 00:00:17 ; elapsed = 00:01:01 . Memory (MB): peak = 2135.094 ; gain = 658.520 ; free physical = 188 ; free virtual = 4992
---------------------------------------------------------------------------------
---------------------------------------------------------------------------------
Start Applying XDC Timing Constraints
---------------------------------------------------------------------------------
---------------------------------------------------------------------------------
Finished Applying XDC Timing Constraints : Time (s): cpu = 00:00:23 ; elapsed = 00:01:07 . Memory (MB): peak = 2201.094 ; gain = 724.520 ; free physical = 157 ; free virtual = 4849
---------------------------------------------------------------------------------
---------------------------------------------------------------------------------
Start Timing Optimization
---------------------------------------------------------------------------------
---------------------------------------------------------------------------------
Finished Timing Optimization : Time (s): cpu = 00:00:23 ; elapsed = 00:01:07 . Memory (MB): peak = 2201.094 ; gain = 724.520 ; free physical = 153 ; free virtual = 4849
---------------------------------------------------------------------------------
---------------------------------------------------------------------------------
Start Technology Mapping
---------------------------------------------------------------------------------
---------------------------------------------------------------------------------
Finished Technology Mapping : Time (s): cpu = 00:00:23 ; elapsed = 00:01:07 . Memory (MB): peak = 2211.109 ; gain = 734.535 ; free physical = 144 ; free virtual = 4841
---------------------------------------------------------------------------------
---------------------------------------------------------------------------------
Start IO Insertion
---------------------------------------------------------------------------------
---------------------------------------------------------------------------------
Start Flattening Before IO Insertion
---------------------------------------------------------------------------------
---------------------------------------------------------------------------------
Finished Flattening Before IO Insertion
---------------------------------------------------------------------------------
---------------------------------------------------------------------------------
Start Final Netlist Cleanup
---------------------------------------------------------------------------------
---------------------------------------------------------------------------------
Finished Final Netlist Cleanup
---------------------------------------------------------------------------------
---------------------------------------------------------------------------------
Finished IO Insertion : Time (s): cpu = 00:00:27 ; elapsed = 00:01:11 . Memory (MB): peak = 2380.922 ; gain = 904.348 ; free physical = 147 ; free virtual = 4559
---------------------------------------------------------------------------------
---------------------------------------------------------------------------------
Start Renaming Generated Instances
---------------------------------------------------------------------------------
---------------------------------------------------------------------------------
Finished Renaming Generated Instances : Time (s): cpu = 00:00:27 ; elapsed = 00:01:11 . Memory (MB): peak = 2380.922 ; gain = 904.348 ; free physical = 146 ; free virtual = 4559
---------------------------------------------------------------------------------
---------------------------------------------------------------------------------
Start Rebuilding User Hierarchy
---------------------------------------------------------------------------------
---------------------------------------------------------------------------------
Finished Rebuilding User Hierarchy : Time (s): cpu = 00:00:27 ; elapsed = 00:01:11 . Memory (MB): peak = 2380.922 ; gain = 904.348 ; free physical = 144 ; free virtual = 4559
---------------------------------------------------------------------------------
---------------------------------------------------------------------------------
Start Renaming Generated Ports
---------------------------------------------------------------------------------
---------------------------------------------------------------------------------
Finished Renaming Generated Ports : Time (s): cpu = 00:00:27 ; elapsed = 00:01:11 . Memory (MB): peak = 2380.922 ; gain = 904.348 ; free physical = 144 ; free virtual = 4560
---------------------------------------------------------------------------------
---------------------------------------------------------------------------------
Start Handling Custom Attributes
---------------------------------------------------------------------------------
---------------------------------------------------------------------------------
Finished Handling Custom Attributes : Time (s): cpu = 00:00:27 ; elapsed = 00:01:11 . Memory (MB): peak = 2380.922 ; gain = 904.348 ; free physical = 143 ; free virtual = 4560
---------------------------------------------------------------------------------
---------------------------------------------------------------------------------
Start Renaming Generated Nets
---------------------------------------------------------------------------------
---------------------------------------------------------------------------------
Finished Renaming Generated Nets : Time (s): cpu = 00:00:27 ; elapsed = 00:01:11 . Memory (MB): peak = 2380.922 ; gain = 904.348 ; free physical = 142 ; free virtual = 4560
---------------------------------------------------------------------------------
---------------------------------------------------------------------------------
Start Writing Synthesis Report
---------------------------------------------------------------------------------

Report BlackBoxes: 
+-+--------------+----------+
| |BlackBox name |Instances |
+-+--------------+----------+
+-+--------------+----------+

Report Cell Usage: 
+------+-----+------+
|      |Cell |Count |
+------+-----+------+
|1     |XADC |     1|
+------+-----+------+
---------------------------------------------------------------------------------
Finished Writing Synthesis Report : Time (s): cpu = 00:00:27 ; elapsed = 00:01:11 . Memory (MB): peak = 2380.922 ; gain = 904.348 ; free physical = 139 ; free virtual = 4558
---------------------------------------------------------------------------------
Synthesis finished with 0 errors, 0 critical warnings and 1 warnings.
Synthesis Optimization Runtime : Time (s): cpu = 00:00:25 ; elapsed = 00:01:08 . Memory (MB): peak = 2380.922 ; gain = 767.379 ; free physical = 143 ; free virtual = 4559
Synthesis Optimization Complete : Time (s): cpu = 00:00:27 ; elapsed = 00:01:11 . Memory (MB): peak = 2380.930 ; gain = 904.348 ; free physical = 138 ; free virtual = 4556
INFO: [Project 1-571] Translating synthesized netlist
Netlist sorting complete. Time (s): cpu = 00:00:00 ; elapsed = 00:00:00 . Memory (MB): peak = 2380.930 ; gain = 0.000 ; free physical = 158 ; free virtual = 4559
INFO: [Netlist 29-17] Analyzing 1 Unisim elements for replacement
INFO: [Netlist 29-28] Unisim Transformation completed in 0 CPU seconds
INFO: [Project 1-570] Preparing netlist for logic optimization
INFO: [Opt 31-138] Pushed 0 inverter(s) to 0 load pin(s).
Netlist sorting complete. Time (s): cpu = 00:00:00 ; elapsed = 00:00:00 . Memory (MB): peak = 2380.930 ; gain = 0.000 ; free physical = 221 ; free virtual = 4823
INFO: [Project 1-111] Unisim Transformation Summary:
No Unisim elements were transformed.

Synth Design complete | Checksum: 2acd256a
INFO: [Common 17-83] Releasing license: Synthesis
22 Infos, 1 Warnings, 0 Critical Warnings and 0 Errors encountered.
synth_design completed successfully
synth_design: Time (s): cpu = 00:00:35 ; elapsed = 00:05:41 . Memory (MB): peak = 2380.930 ; gain = 1024.805 ; free physical = 277 ; free virtual = 4834
INFO: [Common 17-2834] synth_design peak Physical Memory [PSS] (MB): overall = 1176.429; main = 1009.782; forked = 214.507
INFO: [Common 17-2834] synth_design peak Virtual Memory [VSS] (MB): overall = 3247.891; main = 2380.926; forked = 909.777
Write ShapeDB Complete: Time (s): cpu = 00:00:00 ; elapsed = 00:00:00 . Memory (MB): peak = 2404.934 ; gain = 0.000 ; free physical = 318 ; free virtual = 4840
INFO: [Common 17-1381] The checkpoint '/home/b83c/fpga/vga/ips/managed_ip_project/managed_ip_project.runs/joystick_adc_synth_1/joystick_adc.dcp' has been generated.
INFO: [Coretcl 2-1648] Added synthesis output to IP cache for IP joystick_adc, cache-ID = a889cefda94324d9
Write ShapeDB Complete: Time (s): cpu = 00:00:00 ; elapsed = 00:00:00 . Memory (MB): peak = 2524.992 ; gain = 0.000 ; free physical = 327 ; free virtual = 4836
INFO: [Common 17-1381] The checkpoint '/home/b83c/fpga/vga/ips/managed_ip_project/managed_ip_project.runs/joystick_adc_synth_1/joystick_adc.dcp' has been generated.
INFO: [Vivado 12-24828] Executing command : report_utilization -file joystick_adc_utilization_synth.rpt -pb joystick_adc_utilization_synth.pb
INFO: [Common 17-206] Exiting Vivado at Sat Dec 21 14:15:16 2024...
